<?xml version="1.0" encoding="UTF-8"?>
<testng-results skipped="0" failed="0" ignored="0" total="1" passed="1">
  <reporter-output>
  </reporter-output>
  <suite name="Default suite" duration-ms="6447" started-at="2019-06-06T17:50:21Z" finished-at="2019-06-06T17:50:27Z">
    <groups>
    </groups>
    <test name="Default test" duration-ms="6447" started-at="2019-06-06T17:50:21Z" finished-at="2019-06-06T17:50:27Z">
      <class name="tests.AdactinHomePageTest">
        <test-method status="PASS" signature="setUpTest()[pri:0, instance:tests.AdactinHomePageTest@3bfdc050]" name="setUpTest" is-config="true" duration-ms="2856" started-at="2019-06-06T17:50:21Z" finished-at="2019-06-06T17:50:24Z">
          <reporter-output>
          </reporter-output>
        </test-method> <!-- setUpTest -->
        <test-method status="PASS" signature="adactinHomeTest()[pri:0, instance:tests.AdactinHomePageTest@3bfdc050]" name="adactinHomeTest" duration-ms="2930" started-at="2019-06-06T17:50:24Z" finished-at="2019-06-06T17:50:27Z">
          <reporter-output>
          </reporter-output>
        </test-method> <!-- adactinHomeTest -->
        <test-method status="PASS" signature="tearDownTest()[pri:0, instance:tests.AdactinHomePageTest@3bfdc050]" name="tearDownTest" is-config="true" duration-ms="648" started-at="2019-06-06T17:50:27Z" finished-at="2019-06-06T17:50:27Z">
          <reporter-output>
          </reporter-output>
        </test-method> <!-- tearDownTest -->
      </class> <!-- tests.AdactinHomePageTest -->
    </test> <!-- Default test -->
  </suite> <!-- Default suite -->
</testng-results>
